  Robot3D.cpp
C:\Users\ihsan\source\repos\OpenGLSetup\Robot3D.cpp(23,17): warning C4244: 'initializing': conversion from 'double' to 'float', possible loss of data
C:\Users\ihsan\source\repos\OpenGLSetup\Robot3D.cpp(27,21): warning C4244: 'initializing': conversion from 'double' to 'float', possible loss of data
C:\Users\ihsan\source\repos\OpenGLSetup\Robot3D.cpp(29,17): warning C4244: 'initializing': conversion from 'double' to 'float', possible loss of data
C:\Users\ihsan\source\repos\OpenGLSetup\Robot3D.cpp(32,23): warning C4244: 'initializing': conversion from 'double' to 'float', possible loss of data
C:\Users\ihsan\source\repos\OpenGLSetup\Robot3D.cpp(33,17): warning C4244: 'initializing': conversion from 'double' to 'float', possible loss of data
C:\Users\ihsan\source\repos\OpenGLSetup\Robot3D.cpp(34,18): warning C4244: 'initializing': conversion from 'double' to 'float', possible loss of data
C:\Users\ihsan\source\repos\OpenGLSetup\Robot3D.cpp(217,18): warning C4305: 'initializing': truncation from 'double' to 'float'
C:\Users\ihsan\source\repos\OpenGLSetup\Robot3D.cpp(302,24): warning C4244: 'argument': conversion from 'double' to 'GLfloat', possible loss of data
C:\Users\ihsan\source\repos\OpenGLSetup\Robot3D.cpp(303,43): warning C4244: 'argument': conversion from 'double' to 'GLfloat', possible loss of data
C:\Users\ihsan\source\repos\OpenGLSetup\Robot3D.cpp(317,60): warning C4244: 'argument': conversion from 'double' to 'GLfloat', possible loss of data
C:\Users\ihsan\source\repos\OpenGLSetup\Robot3D.cpp(317,49): warning C4244: 'argument': conversion from 'double' to 'GLfloat', possible loss of data
C:\Users\ihsan\source\repos\OpenGLSetup\Robot3D.cpp(317,15): warning C4244: 'argument': conversion from 'double' to 'GLfloat', possible loss of data
C:\Users\ihsan\source\repos\OpenGLSetup\Robot3D.cpp(345,40): warning C4244: 'argument': conversion from 'double' to 'GLfloat', possible loss of data
C:\Users\ihsan\source\repos\OpenGLSetup\Robot3D.cpp(354,59): warning C4244: 'argument': conversion from 'double' to 'GLfloat', possible loss of data
C:\Users\ihsan\source\repos\OpenGLSetup\Robot3D.cpp(354,37): warning C4244: 'argument': conversion from 'double' to 'GLfloat', possible loss of data
C:\Users\ihsan\source\repos\OpenGLSetup\Robot3D.cpp(354,15): warning C4244: 'argument': conversion from 'double' to 'GLfloat', possible loss of data
C:\Users\ihsan\source\repos\OpenGLSetup\Robot3D.cpp(365,20): warning C4244: 'argument': conversion from 'double' to 'GLfloat', possible loss of data
C:\Users\ihsan\source\repos\OpenGLSetup\Robot3D.cpp(366,60): warning C4244: 'argument': conversion from 'double' to 'GLfloat', possible loss of data
C:\Users\ihsan\source\repos\OpenGLSetup\Robot3D.cpp(366,38): warning C4244: 'argument': conversion from 'double' to 'GLfloat', possible loss of data
C:\Users\ihsan\source\repos\OpenGLSetup\Robot3D.cpp(366,16): warning C4244: 'argument': conversion from 'double' to 'GLfloat', possible loss of data
C:\Users\ihsan\source\repos\OpenGLSetup\Robot3D.cpp(372,19): warning C4244: 'argument': conversion from 'double' to 'GLfloat', possible loss of data
C:\Users\ihsan\source\repos\OpenGLSetup\Robot3D.cpp(373,60): warning C4244: 'argument': conversion from 'double' to 'GLfloat', possible loss of data
C:\Users\ihsan\source\repos\OpenGLSetup\Robot3D.cpp(373,38): warning C4244: 'argument': conversion from 'double' to 'GLfloat', possible loss of data
C:\Users\ihsan\source\repos\OpenGLSetup\Robot3D.cpp(373,16): warning C4244: 'argument': conversion from 'double' to 'GLfloat', possible loss of data
C:\Users\ihsan\source\repos\OpenGLSetup\Robot3D.cpp(385,48): warning C4244: 'argument': conversion from 'double' to 'GLfloat', possible loss of data
C:\Users\ihsan\source\repos\OpenGLSetup\Robot3D.cpp(385,25): warning C4244: 'argument': conversion from 'double' to 'GLfloat', possible loss of data
C:\Users\ihsan\source\repos\OpenGLSetup\Robot3D.cpp(386,61): warning C4244: 'argument': conversion from 'double' to 'GLfloat', possible loss of data
C:\Users\ihsan\source\repos\OpenGLSetup\Robot3D.cpp(386,38): warning C4244: 'argument': conversion from 'double' to 'GLfloat', possible loss of data
C:\Users\ihsan\source\repos\OpenGLSetup\Robot3D.cpp(386,16): warning C4244: 'argument': conversion from 'double' to 'GLfloat', possible loss of data
C:\Users\ihsan\source\repos\OpenGLSetup\Robot3D.cpp(392,47): warning C4244: 'argument': conversion from 'double' to 'GLfloat', possible loss of data
C:\Users\ihsan\source\repos\OpenGLSetup\Robot3D.cpp(392,24): warning C4244: 'argument': conversion from 'double' to 'GLfloat', possible loss of data
C:\Users\ihsan\source\repos\OpenGLSetup\Robot3D.cpp(393,62): warning C4244: 'argument': conversion from 'double' to 'GLfloat', possible loss of data
C:\Users\ihsan\source\repos\OpenGLSetup\Robot3D.cpp(393,39): warning C4244: 'argument': conversion from 'double' to 'GLfloat', possible loss of data
C:\Users\ihsan\source\repos\OpenGLSetup\Robot3D.cpp(393,16): warning C4244: 'argument': conversion from 'double' to 'GLfloat', possible loss of data
C:\Users\ihsan\source\repos\OpenGLSetup\Robot3D.cpp(405,47): warning C4244: 'argument': conversion from 'double' to 'GLfloat', possible loss of data
C:\Users\ihsan\source\repos\OpenGLSetup\Robot3D.cpp(405,24): warning C4244: 'argument': conversion from 'double' to 'GLfloat', possible loss of data
C:\Users\ihsan\source\repos\OpenGLSetup\Robot3D.cpp(406,61): warning C4244: 'argument': conversion from 'double' to 'GLfloat', possible loss of data
C:\Users\ihsan\source\repos\OpenGLSetup\Robot3D.cpp(406,38): warning C4244: 'argument': conversion from 'double' to 'GLfloat', possible loss of data
C:\Users\ihsan\source\repos\OpenGLSetup\Robot3D.cpp(406,16): warning C4244: 'argument': conversion from 'double' to 'GLfloat', possible loss of data
C:\Users\ihsan\source\repos\OpenGLSetup\Robot3D.cpp(423,25): warning C4244: 'argument': conversion from 'double' to 'GLfloat', possible loss of data
C:\Users\ihsan\source\repos\OpenGLSetup\Robot3D.cpp(424,60): warning C4244: 'argument': conversion from 'double' to 'GLfloat', possible loss of data
C:\Users\ihsan\source\repos\OpenGLSetup\Robot3D.cpp(424,49): warning C4244: 'argument': conversion from 'double' to 'GLfloat', possible loss of data
C:\Users\ihsan\source\repos\OpenGLSetup\Robot3D.cpp(424,15): warning C4244: 'argument': conversion from 'double' to 'GLfloat', possible loss of data
C:\Users\ihsan\source\repos\OpenGLSetup\Robot3D.cpp(431,42): warning C4244: 'argument': conversion from 'double' to 'GLfloat', possible loss of data
C:\Users\ihsan\source\repos\OpenGLSetup\Robot3D.cpp(431,19): warning C4244: 'argument': conversion from 'double' to 'GLfloat', possible loss of data
C:\Users\ihsan\source\repos\OpenGLSetup\Robot3D.cpp(445,60): warning C4244: 'argument': conversion from 'double' to 'GLfloat', possible loss of data
C:\Users\ihsan\source\repos\OpenGLSetup\Robot3D.cpp(445,37): warning C4244: 'argument': conversion from 'double' to 'GLfloat', possible loss of data
C:\Users\ihsan\source\repos\OpenGLSetup\Robot3D.cpp(445,15): warning C4244: 'argument': conversion from 'double' to 'GLfloat', possible loss of data
C:\Users\ihsan\source\repos\OpenGLSetup\Robot3D.cpp(457,50): warning C4244: 'argument': conversion from 'double' to 'GLfloat', possible loss of data
C:\Users\ihsan\source\repos\OpenGLSetup\Robot3D.cpp(457,26): warning C4244: 'argument': conversion from 'double' to 'GLfloat', possible loss of data
C:\Users\ihsan\source\repos\OpenGLSetup\Robot3D.cpp(458,62): warning C4244: 'argument': conversion from 'double' to 'GLfloat', possible loss of data
C:\Users\ihsan\source\repos\OpenGLSetup\Robot3D.cpp(458,38): warning C4244: 'argument': conversion from 'double' to 'GLfloat', possible loss of data
C:\Users\ihsan\source\repos\OpenGLSetup\Robot3D.cpp(458,16): warning C4244: 'argument': conversion from 'double' to 'GLfloat', possible loss of data
C:\Users\ihsan\source\repos\OpenGLSetup\Robot3D.cpp(463,25): warning C4244: 'argument': conversion from 'double' to 'GLfloat', possible loss of data
C:\Users\ihsan\source\repos\OpenGLSetup\Robot3D.cpp(475,60): warning C4244: 'argument': conversion from 'double' to 'GLfloat', possible loss of data
C:\Users\ihsan\source\repos\OpenGLSetup\Robot3D.cpp(475,37): warning C4244: 'argument': conversion from 'double' to 'GLfloat', possible loss of data
C:\Users\ihsan\source\repos\OpenGLSetup\Robot3D.cpp(475,15): warning C4244: 'argument': conversion from 'double' to 'GLfloat', possible loss of data
C:\Users\ihsan\source\repos\OpenGLSetup\Robot3D.cpp(487,26): warning C4244: 'argument': conversion from 'double' to 'GLfloat', possible loss of data
C:\Users\ihsan\source\repos\OpenGLSetup\Robot3D.cpp(488,62): warning C4244: 'argument': conversion from 'double' to 'GLfloat', possible loss of data
C:\Users\ihsan\source\repos\OpenGLSetup\Robot3D.cpp(488,38): warning C4244: 'argument': conversion from 'double' to 'GLfloat', possible loss of data
C:\Users\ihsan\source\repos\OpenGLSetup\Robot3D.cpp(488,16): warning C4244: 'argument': conversion from 'double' to 'GLfloat', possible loss of data
C:\Users\ihsan\source\repos\OpenGLSetup\Robot3D.cpp(493,25): warning C4244: 'argument': conversion from 'double' to 'GLfloat', possible loss of data
C:\Users\ihsan\source\repos\OpenGLSetup\Robot3D.cpp(505,60): warning C4244: 'argument': conversion from 'double' to 'GLfloat', possible loss of data
C:\Users\ihsan\source\repos\OpenGLSetup\Robot3D.cpp(505,37): warning C4244: 'argument': conversion from 'double' to 'GLfloat', possible loss of data
C:\Users\ihsan\source\repos\OpenGLSetup\Robot3D.cpp(505,15): warning C4244: 'argument': conversion from 'double' to 'GLfloat', possible loss of data
C:\Users\ihsan\source\repos\OpenGLSetup\Robot3D.cpp(510,25): warning C4244: 'argument': conversion from 'double' to 'GLfloat', possible loss of data
C:\Users\ihsan\source\repos\OpenGLSetup\Robot3D.cpp(524,60): warning C4244: 'argument': conversion from 'double' to 'GLfloat', possible loss of data
C:\Users\ihsan\source\repos\OpenGLSetup\Robot3D.cpp(524,37): warning C4244: 'argument': conversion from 'double' to 'GLfloat', possible loss of data
C:\Users\ihsan\source\repos\OpenGLSetup\Robot3D.cpp(524,15): warning C4244: 'argument': conversion from 'double' to 'GLfloat', possible loss of data
C:\Users\ihsan\source\repos\OpenGLSetup\Robot3D.cpp(531,48): warning C4244: 'argument': conversion from 'double' to 'GLfloat', possible loss of data
C:\Users\ihsan\source\repos\OpenGLSetup\Robot3D.cpp(531,21): warning C4244: 'argument': conversion from 'double' to 'GLfloat', possible loss of data
C:\Users\ihsan\source\repos\OpenGLSetup\Robot3D.cpp(532,60): warning C4244: 'argument': conversion from 'double' to 'GLfloat', possible loss of data
C:\Users\ihsan\source\repos\OpenGLSetup\Robot3D.cpp(532,37): warning C4244: 'argument': conversion from 'double' to 'GLfloat', possible loss of data
C:\Users\ihsan\source\repos\OpenGLSetup\Robot3D.cpp(532,15): warning C4244: 'argument': conversion from 'double' to 'GLfloat', possible loss of data
C:\Users\ihsan\source\repos\OpenGLSetup\Robot3D.cpp(538,47): warning C4244: 'argument': conversion from 'double' to 'GLfloat', possible loss of data
C:\Users\ihsan\source\repos\OpenGLSetup\Robot3D.cpp(538,20): warning C4244: 'argument': conversion from 'double' to 'GLfloat', possible loss of data
C:\Users\ihsan\source\repos\OpenGLSetup\Robot3D.cpp(539,60): warning C4244: 'argument': conversion from 'double' to 'GLfloat', possible loss of data
C:\Users\ihsan\source\repos\OpenGLSetup\Robot3D.cpp(539,37): warning C4244: 'argument': conversion from 'double' to 'GLfloat', possible loss of data
C:\Users\ihsan\source\repos\OpenGLSetup\Robot3D.cpp(539,15): warning C4244: 'argument': conversion from 'double' to 'GLfloat', possible loss of data
C:\Users\ihsan\source\repos\OpenGLSetup\Robot3D.cpp(546,49): warning C4244: 'argument': conversion from 'double' to 'GLfloat', possible loss of data
C:\Users\ihsan\source\repos\OpenGLSetup\Robot3D.cpp(546,21): warning C4244: 'argument': conversion from 'double' to 'GLfloat', possible loss of data
C:\Users\ihsan\source\repos\OpenGLSetup\Robot3D.cpp(547,60): warning C4244: 'argument': conversion from 'double' to 'GLfloat', possible loss of data
C:\Users\ihsan\source\repos\OpenGLSetup\Robot3D.cpp(547,37): warning C4244: 'argument': conversion from 'double' to 'GLfloat', possible loss of data
C:\Users\ihsan\source\repos\OpenGLSetup\Robot3D.cpp(547,15): warning C4244: 'argument': conversion from 'double' to 'GLfloat', possible loss of data
C:\Users\ihsan\source\repos\OpenGLSetup\Robot3D.cpp(553,48): warning C4244: 'argument': conversion from 'double' to 'GLfloat', possible loss of data
C:\Users\ihsan\source\repos\OpenGLSetup\Robot3D.cpp(553,20): warning C4244: 'argument': conversion from 'double' to 'GLfloat', possible loss of data
C:\Users\ihsan\source\repos\OpenGLSetup\Robot3D.cpp(554,60): warning C4244: 'argument': conversion from 'double' to 'GLfloat', possible loss of data
C:\Users\ihsan\source\repos\OpenGLSetup\Robot3D.cpp(554,37): warning C4244: 'argument': conversion from 'double' to 'GLfloat', possible loss of data
C:\Users\ihsan\source\repos\OpenGLSetup\Robot3D.cpp(554,15): warning C4244: 'argument': conversion from 'double' to 'GLfloat', possible loss of data
C:\Users\ihsan\source\repos\OpenGLSetup\Robot3D.cpp(565,43): warning C4244: 'argument': conversion from 'double' to 'GLfloat', possible loss of data
C:\Users\ihsan\source\repos\OpenGLSetup\Robot3D.cpp(565,20): warning C4244: 'argument': conversion from 'double' to 'GLfloat', possible loss of data
C:\Users\ihsan\source\repos\OpenGLSetup\Robot3D.cpp(578,60): warning C4244: 'argument': conversion from 'double' to 'GLfloat', possible loss of data
C:\Users\ihsan\source\repos\OpenGLSetup\Robot3D.cpp(578,37): warning C4244: 'argument': conversion from 'double' to 'GLfloat', possible loss of data
C:\Users\ihsan\source\repos\OpenGLSetup\Robot3D.cpp(578,15): warning C4244: 'argument': conversion from 'double' to 'GLfloat', possible loss of data
C:\Users\ihsan\source\repos\OpenGLSetup\Robot3D.cpp(590,50): warning C4244: 'argument': conversion from 'double' to 'GLfloat', possible loss of data
C:\Users\ihsan\source\repos\OpenGLSetup\Robot3D.cpp(590,26): warning C4244: 'argument': conversion from 'double' to 'GLfloat', possible loss of data
C:\Users\ihsan\source\repos\OpenGLSetup\Robot3D.cpp(591,62): warning C4244: 'argument': conversion from 'double' to 'GLfloat', possible loss of data
C:\Users\ihsan\source\repos\OpenGLSetup\Robot3D.cpp(591,38): warning C4244: 'argument': conversion from 'double' to 'GLfloat', possible loss of data
C:\Users\ihsan\source\repos\OpenGLSetup\Robot3D.cpp(591,16): warning C4244: 'argument': conversion from 'double' to 'GLfloat', possible loss of data
C:\Users\ihsan\source\repos\OpenGLSetup\Robot3D.cpp(596,25): warning C4244: 'argument': conversion from 'double' to 'GLfloat', possible loss of data
C:\Users\ihsan\source\repos\OpenGLSetup\Robot3D.cpp(608,60): warning C4244: 'argument': conversion from 'double' to 'GLfloat', possible loss of data
C:\Users\ihsan\source\repos\OpenGLSetup\Robot3D.cpp(608,37): warning C4244: 'argument': conversion from 'double' to 'GLfloat', possible loss of data
C:\Users\ihsan\source\repos\OpenGLSetup\Robot3D.cpp(608,15): warning C4244: 'argument': conversion from 'double' to 'GLfloat', possible loss of data
C:\Users\ihsan\source\repos\OpenGLSetup\Robot3D.cpp(619,26): warning C4244: 'argument': conversion from 'double' to 'GLfloat', possible loss of data
C:\Users\ihsan\source\repos\OpenGLSetup\Robot3D.cpp(620,62): warning C4244: 'argument': conversion from 'double' to 'GLfloat', possible loss of data
C:\Users\ihsan\source\repos\OpenGLSetup\Robot3D.cpp(620,38): warning C4244: 'argument': conversion from 'double' to 'GLfloat', possible loss of data
C:\Users\ihsan\source\repos\OpenGLSetup\Robot3D.cpp(620,16): warning C4244: 'argument': conversion from 'double' to 'GLfloat', possible loss of data
C:\Users\ihsan\source\repos\OpenGLSetup\Robot3D.cpp(625,25): warning C4244: 'argument': conversion from 'double' to 'GLfloat', possible loss of data
C:\Users\ihsan\source\repos\OpenGLSetup\Robot3D.cpp(637,60): warning C4244: 'argument': conversion from 'double' to 'GLfloat', possible loss of data
C:\Users\ihsan\source\repos\OpenGLSetup\Robot3D.cpp(637,37): warning C4244: 'argument': conversion from 'double' to 'GLfloat', possible loss of data
C:\Users\ihsan\source\repos\OpenGLSetup\Robot3D.cpp(637,15): warning C4244: 'argument': conversion from 'double' to 'GLfloat', possible loss of data
C:\Users\ihsan\source\repos\OpenGLSetup\Robot3D.cpp(642,25): warning C4244: 'argument': conversion from 'double' to 'GLfloat', possible loss of data
C:\Users\ihsan\source\repos\OpenGLSetup\Robot3D.cpp(656,60): warning C4244: 'argument': conversion from 'double' to 'GLfloat', possible loss of data
C:\Users\ihsan\source\repos\OpenGLSetup\Robot3D.cpp(656,37): warning C4244: 'argument': conversion from 'double' to 'GLfloat', possible loss of data
C:\Users\ihsan\source\repos\OpenGLSetup\Robot3D.cpp(656,15): warning C4244: 'argument': conversion from 'double' to 'GLfloat', possible loss of data
C:\Users\ihsan\source\repos\OpenGLSetup\Robot3D.cpp(663,48): warning C4244: 'argument': conversion from 'double' to 'GLfloat', possible loss of data
C:\Users\ihsan\source\repos\OpenGLSetup\Robot3D.cpp(663,21): warning C4244: 'argument': conversion from 'double' to 'GLfloat', possible loss of data
C:\Users\ihsan\source\repos\OpenGLSetup\Robot3D.cpp(664,60): warning C4244: 'argument': conversion from 'double' to 'GLfloat', possible loss of data
C:\Users\ihsan\source\repos\OpenGLSetup\Robot3D.cpp(664,37): warning C4244: 'argument': conversion from 'double' to 'GLfloat', possible loss of data
C:\Users\ihsan\source\repos\OpenGLSetup\Robot3D.cpp(664,15): warning C4244: 'argument': conversion from 'double' to 'GLfloat', possible loss of data
C:\Users\ihsan\source\repos\OpenGLSetup\Robot3D.cpp(670,47): warning C4244: 'argument': conversion from 'double' to 'GLfloat', possible loss of data
C:\Users\ihsan\source\repos\OpenGLSetup\Robot3D.cpp(670,20): warning C4244: 'argument': conversion from 'double' to 'GLfloat', possible loss of data
C:\Users\ihsan\source\repos\OpenGLSetup\Robot3D.cpp(671,60): warning C4244: 'argument': conversion from 'double' to 'GLfloat', possible loss of data
C:\Users\ihsan\source\repos\OpenGLSetup\Robot3D.cpp(671,37): warning C4244: 'argument': conversion from 'double' to 'GLfloat', possible loss of data
C:\Users\ihsan\source\repos\OpenGLSetup\Robot3D.cpp(671,15): warning C4244: 'argument': conversion from 'double' to 'GLfloat', possible loss of data
C:\Users\ihsan\source\repos\OpenGLSetup\Robot3D.cpp(678,49): warning C4244: 'argument': conversion from 'double' to 'GLfloat', possible loss of data
C:\Users\ihsan\source\repos\OpenGLSetup\Robot3D.cpp(678,21): warning C4244: 'argument': conversion from 'double' to 'GLfloat', possible loss of data
C:\Users\ihsan\source\repos\OpenGLSetup\Robot3D.cpp(679,60): warning C4244: 'argument': conversion from 'double' to 'GLfloat', possible loss of data
C:\Users\ihsan\source\repos\OpenGLSetup\Robot3D.cpp(679,37): warning C4244: 'argument': conversion from 'double' to 'GLfloat', possible loss of data
C:\Users\ihsan\source\repos\OpenGLSetup\Robot3D.cpp(679,15): warning C4244: 'argument': conversion from 'double' to 'GLfloat', possible loss of data
C:\Users\ihsan\source\repos\OpenGLSetup\Robot3D.cpp(685,48): warning C4244: 'argument': conversion from 'double' to 'GLfloat', possible loss of data
C:\Users\ihsan\source\repos\OpenGLSetup\Robot3D.cpp(685,20): warning C4244: 'argument': conversion from 'double' to 'GLfloat', possible loss of data
C:\Users\ihsan\source\repos\OpenGLSetup\Robot3D.cpp(686,60): warning C4244: 'argument': conversion from 'double' to 'GLfloat', possible loss of data
C:\Users\ihsan\source\repos\OpenGLSetup\Robot3D.cpp(686,37): warning C4244: 'argument': conversion from 'double' to 'GLfloat', possible loss of data
C:\Users\ihsan\source\repos\OpenGLSetup\Robot3D.cpp(686,15): warning C4244: 'argument': conversion from 'double' to 'GLfloat', possible loss of data
C:\Users\ihsan\source\repos\OpenGLSetup\Robot3D.cpp(705,63): warning C4244: 'argument': conversion from 'double' to 'GLfloat', possible loss of data
C:\Users\ihsan\source\repos\OpenGLSetup\Robot3D.cpp(705,36): warning C4244: 'argument': conversion from 'double' to 'GLfloat', possible loss of data
C:\Users\ihsan\source\repos\OpenGLSetup\Robot3D.cpp(709,30): warning C4244: 'argument': conversion from 'double' to 'GLfloat', possible loss of data
C:\Users\ihsan\source\repos\OpenGLSetup\Robot3D.cpp(721,31): warning C4244: 'argument': conversion from 'double' to 'GLfloat', possible loss of data
C:\Users\ihsan\source\repos\OpenGLSetup\Robot3D.cpp(722,58): warning C4244: 'argument': conversion from 'double' to 'GLfloat', possible loss of data
C:\Users\ihsan\source\repos\OpenGLSetup\Robot3D.cpp(722,36): warning C4244: 'argument': conversion from 'double' to 'GLfloat', possible loss of data
C:\Users\ihsan\source\repos\OpenGLSetup\Robot3D.cpp(722,15): warning C4244: 'argument': conversion from 'double' to 'GLfloat', possible loss of data
C:\Users\ihsan\source\repos\OpenGLSetup\Robot3D.cpp(727,49): warning C4305: 'argument': truncation from 'double' to 'GLfloat'
C:\Users\ihsan\source\repos\OpenGLSetup\Robot3D.cpp(727,31): warning C4244: 'argument': conversion from 'double' to 'GLfloat', possible loss of data
C:\Users\ihsan\source\repos\OpenGLSetup\Robot3D.cpp(739,30): warning C4244: 'argument': conversion from 'double' to 'GLfloat', possible loss of data
C:\Users\ihsan\source\repos\OpenGLSetup\Robot3D.cpp(751,49): warning C4244: 'argument': conversion from 'double' to 'GLfloat', possible loss of data
C:\Users\ihsan\source\repos\OpenGLSetup\Robot3D.cpp(752,58): warning C4244: 'argument': conversion from 'double' to 'GLfloat', possible loss of data
C:\Users\ihsan\source\repos\OpenGLSetup\Robot3D.cpp(752,36): warning C4244: 'argument': conversion from 'double' to 'GLfloat', possible loss of data
C:\Users\ihsan\source\repos\OpenGLSetup\Robot3D.cpp(752,15): warning C4244: 'argument': conversion from 'double' to 'GLfloat', possible loss of data
C:\Users\ihsan\source\repos\OpenGLSetup\Robot3D.cpp(756,20): warning C4244: 'initializing': conversion from 'double' to 'float', possible loss of data
C:\Users\ihsan\source\repos\OpenGLSetup\Robot3D.cpp(757,21): warning C4244: 'initializing': conversion from 'double' to 'float', possible loss of data
C:\Users\ihsan\source\repos\OpenGLSetup\Robot3D.cpp(762,49): warning C4244: 'argument': conversion from 'double' to 'GLfloat', possible loss of data
C:\Users\ihsan\source\repos\OpenGLSetup\Robot3D.cpp(762,18): warning C4244: 'argument': conversion from 'double' to 'GLfloat', possible loss of data
C:\Users\ihsan\source\repos\OpenGLSetup\Robot3D.cpp(784,89): warning C4244: 'argument': conversion from 'double' to 'GLfloat', possible loss of data
C:\Users\ihsan\source\repos\OpenGLSetup\Robot3D.cpp(784,66): warning C4244: 'argument': conversion from 'double' to 'GLfloat', possible loss of data
C:\Users\ihsan\source\repos\OpenGLSetup\Robot3D.cpp(784,15): warning C4244: 'argument': conversion from 'double' to 'GLfloat', possible loss of data
C:\Users\ihsan\source\repos\OpenGLSetup\Robot3D.cpp(790,30): warning C4244: 'argument': conversion from 'double' to 'GLfloat', possible loss of data
C:\Users\ihsan\source\repos\OpenGLSetup\Robot3D.cpp(802,31): warning C4244: 'argument': conversion from 'double' to 'GLfloat', possible loss of data
C:\Users\ihsan\source\repos\OpenGLSetup\Robot3D.cpp(803,58): warning C4244: 'argument': conversion from 'double' to 'GLfloat', possible loss of data
C:\Users\ihsan\source\repos\OpenGLSetup\Robot3D.cpp(803,36): warning C4244: 'argument': conversion from 'double' to 'GLfloat', possible loss of data
C:\Users\ihsan\source\repos\OpenGLSetup\Robot3D.cpp(803,15): warning C4244: 'argument': conversion from 'double' to 'GLfloat', possible loss of data
C:\Users\ihsan\source\repos\OpenGLSetup\Robot3D.cpp(808,50): warning C4305: 'argument': truncation from 'double' to 'GLfloat'
C:\Users\ihsan\source\repos\OpenGLSetup\Robot3D.cpp(808,32): warning C4244: 'argument': conversion from 'double' to 'GLfloat', possible loss of data
C:\Users\ihsan\source\repos\OpenGLSetup\Robot3D.cpp(820,30): warning C4244: 'argument': conversion from 'double' to 'GLfloat', possible loss of data
C:\Users\ihsan\source\repos\OpenGLSetup\Robot3D.cpp(832,42): warning C4244: 'argument': conversion from 'double' to 'GLfloat', possible loss of data
C:\Users\ihsan\source\repos\OpenGLSetup\Robot3D.cpp(847,25): warning C4244: 'argument': conversion from 'double' to 'GLfloat', possible loss of data
C:\Users\ihsan\source\repos\OpenGLSetup\Robot3D.cpp(859,25): warning C4244: 'argument': conversion from 'double' to 'GLfloat', possible loss of data
C:\Users\ihsan\source\repos\OpenGLSetup\Robot3D.cpp(860,53): warning C4244: 'argument': conversion from 'double' to 'GLfloat', possible loss of data
C:\Users\ihsan\source\repos\OpenGLSetup\Robot3D.cpp(860,37): warning C4244: 'argument': conversion from 'double' to 'GLfloat', possible loss of data
C:\Users\ihsan\source\repos\OpenGLSetup\Robot3D.cpp(860,20): warning C4244: 'argument': conversion from 'double' to 'GLfloat', possible loss of data
C:\Users\ihsan\source\repos\OpenGLSetup\Robot3D.cpp(866,31): warning C4244: 'argument': conversion from 'double' to 'GLfloat', possible loss of data
C:\Users\ihsan\source\repos\OpenGLSetup\Robot3D.cpp(867,53): warning C4244: 'argument': conversion from 'double' to 'GLfloat', possible loss of data
C:\Users\ihsan\source\repos\OpenGLSetup\Robot3D.cpp(867,37): warning C4244: 'argument': conversion from 'double' to 'GLfloat', possible loss of data
C:\Users\ihsan\source\repos\OpenGLSetup\Robot3D.cpp(867,20): warning C4244: 'argument': conversion from 'double' to 'GLfloat', possible loss of data
  CPS511_Assignment1.vcxproj -> C:\Users\ihsan\source\repos\OpenGLSetup\x64\Debug\CPS511_Assignment1.exe
          1 file(s) copied.
