C:\Program Files\Microsoft Visual Studio\2022\Community\MSBuild\Microsoft\VC\v170\Microsoft.CppBuild.targets(531,5): warning MSB8028: The intermediate directory (CPS511_A.a2a2da67\x64\Debug\) contains files shared from another project (CPS511_Assignment1.vcxproj).  This can lead to incorrect clean and rebuild behavior.
  QuadMesh.cpp
C:\Users\Alden\Desktop\CPS511\Assignment 3\CPS511A3\QuadMesh.cpp(32,22): warning C4305: '=': truncation from 'double' to 'GLfloat'
C:\Users\Alden\Desktop\CPS511\Assignment 3\CPS511A3\QuadMesh.cpp(52,24): warning C4244: '=': conversion from 'double' to 'GLfloat', possible loss of data
C:\Users\Alden\Desktop\CPS511\Assignment 3\CPS511A3\QuadMesh.cpp(85,11): warning C4244: 'argument': conversion from 'double' to 'float', possible loss of data
C:\Users\Alden\Desktop\CPS511\Assignment 3\CPS511A3\QuadMesh.cpp(91,11): warning C4244: 'argument': conversion from 'double' to 'float', possible loss of data
  Robot3D.cpp
C:\Users\Alden\Desktop\CPS511\Assignment 3\CPS511A3\Robot3D.cpp(23,17): warning C4244: 'initializing': conversion from 'double' to 'float', possible loss of data
C:\Users\Alden\Desktop\CPS511\Assignment 3\CPS511A3\Robot3D.cpp(27,21): warning C4244: 'initializing': conversion from 'double' to 'float', possible loss of data
C:\Users\Alden\Desktop\CPS511\Assignment 3\CPS511A3\Robot3D.cpp(29,17): warning C4244: 'initializing': conversion from 'double' to 'float', possible loss of data
C:\Users\Alden\Desktop\CPS511\Assignment 3\CPS511A3\Robot3D.cpp(32,23): warning C4244: 'initializing': conversion from 'double' to 'float', possible loss of data
C:\Users\Alden\Desktop\CPS511\Assignment 3\CPS511A3\Robot3D.cpp(33,17): warning C4244: 'initializing': conversion from 'double' to 'float', possible loss of data
C:\Users\Alden\Desktop\CPS511\Assignment 3\CPS511A3\Robot3D.cpp(34,18): warning C4244: 'initializing': conversion from 'double' to 'float', possible loss of data
C:\Users\Alden\Desktop\CPS511\Assignment 3\CPS511A3\Robot3D.cpp(290,12): warning C4244: 'initializing': conversion from 'double' to 'float', possible loss of data
C:\Users\Alden\Desktop\CPS511\Assignment 3\CPS511A3\Robot3D.cpp(295,24): warning C4244: 'initializing': conversion from 'double' to 'float', possible loss of data
C:\Users\Alden\Desktop\CPS511\Assignment 3\CPS511A3\Robot3D.cpp(298,21): warning C4244: 'initializing': conversion from 'double' to 'float', possible loss of data
C:\Users\Alden\Desktop\CPS511\Assignment 3\CPS511A3\Robot3D.cpp(299,21): warning C4244: 'initializing': conversion from 'double' to 'float', possible loss of data
C:\Users\Alden\Desktop\CPS511\Assignment 3\CPS511A3\Robot3D.cpp(300,21): warning C4244: 'initializing': conversion from 'double' to 'float', possible loss of data
C:\Users\Alden\Desktop\CPS511\Assignment 3\CPS511A3\Robot3D.cpp(417,16): warning C4244: 'initializing': conversion from 'double' to 'float', possible loss of data
C:\Users\Alden\Desktop\CPS511\Assignment 3\CPS511A3\Robot3D.cpp(418,16): warning C4244: 'initializing': conversion from 'double' to 'float', possible loss of data
C:\Users\Alden\Desktop\CPS511\Assignment 3\CPS511A3\Robot3D.cpp(419,16): warning C4244: 'initializing': conversion from 'double' to 'float', possible loss of data
C:\Users\Alden\Desktop\CPS511\Assignment 3\CPS511A3\Robot3D.cpp(459,16): warning C4244: 'initializing': conversion from 'double' to 'float', possible loss of data
C:\Users\Alden\Desktop\CPS511\Assignment 3\CPS511A3\Robot3D.cpp(460,16): warning C4244: 'initializing': conversion from 'double' to 'float', possible loss of data
C:\Users\Alden\Desktop\CPS511\Assignment 3\CPS511A3\Robot3D.cpp(461,16): warning C4244: 'initializing': conversion from 'double' to 'float', possible loss of data
C:\Users\Alden\Desktop\CPS511\Assignment 3\CPS511A3\Robot3D.cpp(590,18): warning C4305: 'initializing': truncation from 'double' to 'float'
C:\Users\Alden\Desktop\CPS511\Assignment 3\CPS511A3\Robot3D.cpp(600,16): warning C4244: 'initializing': conversion from 'double' to 'float', possible loss of data
C:\Users\Alden\Desktop\CPS511\Assignment 3\CPS511A3\Robot3D.cpp(601,16): warning C4244: 'initializing': conversion from 'double' to 'float', possible loss of data
C:\Users\Alden\Desktop\CPS511\Assignment 3\CPS511A3\Robot3D.cpp(602,16): warning C4244: 'initializing': conversion from 'double' to 'float', possible loss of data
C:\Users\Alden\Desktop\CPS511\Assignment 3\CPS511A3\Robot3D.cpp(665,24): warning C4244: 'argument': conversion from 'double' to 'GLfloat', possible loss of data
C:\Users\Alden\Desktop\CPS511\Assignment 3\CPS511A3\Robot3D.cpp(666,43): warning C4244: 'argument': conversion from 'double' to 'GLfloat', possible loss of data
C:\Users\Alden\Desktop\CPS511\Assignment 3\CPS511A3\Robot3D.cpp(680,60): warning C4244: 'argument': conversion from 'double' to 'GLfloat', possible loss of data
C:\Users\Alden\Desktop\CPS511\Assignment 3\CPS511A3\Robot3D.cpp(680,49): warning C4244: 'argument': conversion from 'double' to 'GLfloat', possible loss of data
C:\Users\Alden\Desktop\CPS511\Assignment 3\CPS511A3\Robot3D.cpp(680,15): warning C4244: 'argument': conversion from 'double' to 'GLfloat', possible loss of data
C:\Users\Alden\Desktop\CPS511\Assignment 3\CPS511A3\Robot3D.cpp(708,40): warning C4244: 'argument': conversion from 'double' to 'GLfloat', possible loss of data
C:\Users\Alden\Desktop\CPS511\Assignment 3\CPS511A3\Robot3D.cpp(717,59): warning C4244: 'argument': conversion from 'double' to 'GLfloat', possible loss of data
C:\Users\Alden\Desktop\CPS511\Assignment 3\CPS511A3\Robot3D.cpp(717,37): warning C4244: 'argument': conversion from 'double' to 'GLfloat', possible loss of data
C:\Users\Alden\Desktop\CPS511\Assignment 3\CPS511A3\Robot3D.cpp(717,15): warning C4244: 'argument': conversion from 'double' to 'GLfloat', possible loss of data
C:\Users\Alden\Desktop\CPS511\Assignment 3\CPS511A3\Robot3D.cpp(728,20): warning C4244: 'argument': conversion from 'double' to 'GLfloat', possible loss of data
C:\Users\Alden\Desktop\CPS511\Assignment 3\CPS511A3\Robot3D.cpp(729,60): warning C4244: 'argument': conversion from 'double' to 'GLfloat', possible loss of data
C:\Users\Alden\Desktop\CPS511\Assignment 3\CPS511A3\Robot3D.cpp(729,38): warning C4244: 'argument': conversion from 'double' to 'GLfloat', possible loss of data
C:\Users\Alden\Desktop\CPS511\Assignment 3\CPS511A3\Robot3D.cpp(729,16): warning C4244: 'argument': conversion from 'double' to 'GLfloat', possible loss of data
C:\Users\Alden\Desktop\CPS511\Assignment 3\CPS511A3\Robot3D.cpp(735,19): warning C4244: 'argument': conversion from 'double' to 'GLfloat', possible loss of data
C:\Users\Alden\Desktop\CPS511\Assignment 3\CPS511A3\Robot3D.cpp(736,60): warning C4244: 'argument': conversion from 'double' to 'GLfloat', possible loss of data
C:\Users\Alden\Desktop\CPS511\Assignment 3\CPS511A3\Robot3D.cpp(736,38): warning C4244: 'argument': conversion from 'double' to 'GLfloat', possible loss of data
C:\Users\Alden\Desktop\CPS511\Assignment 3\CPS511A3\Robot3D.cpp(736,16): warning C4244: 'argument': conversion from 'double' to 'GLfloat', possible loss of data
C:\Users\Alden\Desktop\CPS511\Assignment 3\CPS511A3\Robot3D.cpp(748,48): warning C4244: 'argument': conversion from 'double' to 'GLfloat', possible loss of data
C:\Users\Alden\Desktop\CPS511\Assignment 3\CPS511A3\Robot3D.cpp(748,25): warning C4244: 'argument': conversion from 'double' to 'GLfloat', possible loss of data
C:\Users\Alden\Desktop\CPS511\Assignment 3\CPS511A3\Robot3D.cpp(749,61): warning C4244: 'argument': conversion from 'double' to 'GLfloat', possible loss of data
C:\Users\Alden\Desktop\CPS511\Assignment 3\CPS511A3\Robot3D.cpp(749,38): warning C4244: 'argument': conversion from 'double' to 'GLfloat', possible loss of data
C:\Users\Alden\Desktop\CPS511\Assignment 3\CPS511A3\Robot3D.cpp(749,16): warning C4244: 'argument': conversion from 'double' to 'GLfloat', possible loss of data
C:\Users\Alden\Desktop\CPS511\Assignment 3\CPS511A3\Robot3D.cpp(755,47): warning C4244: 'argument': conversion from 'double' to 'GLfloat', possible loss of data
C:\Users\Alden\Desktop\CPS511\Assignment 3\CPS511A3\Robot3D.cpp(755,24): warning C4244: 'argument': conversion from 'double' to 'GLfloat', possible loss of data
C:\Users\Alden\Desktop\CPS511\Assignment 3\CPS511A3\Robot3D.cpp(756,62): warning C4244: 'argument': conversion from 'double' to 'GLfloat', possible loss of data
C:\Users\Alden\Desktop\CPS511\Assignment 3\CPS511A3\Robot3D.cpp(756,39): warning C4244: 'argument': conversion from 'double' to 'GLfloat', possible loss of data
C:\Users\Alden\Desktop\CPS511\Assignment 3\CPS511A3\Robot3D.cpp(756,16): warning C4244: 'argument': conversion from 'double' to 'GLfloat', possible loss of data
C:\Users\Alden\Desktop\CPS511\Assignment 3\CPS511A3\Robot3D.cpp(768,47): warning C4244: 'argument': conversion from 'double' to 'GLfloat', possible loss of data
C:\Users\Alden\Desktop\CPS511\Assignment 3\CPS511A3\Robot3D.cpp(768,24): warning C4244: 'argument': conversion from 'double' to 'GLfloat', possible loss of data
C:\Users\Alden\Desktop\CPS511\Assignment 3\CPS511A3\Robot3D.cpp(769,61): warning C4244: 'argument': conversion from 'double' to 'GLfloat', possible loss of data
C:\Users\Alden\Desktop\CPS511\Assignment 3\CPS511A3\Robot3D.cpp(769,38): warning C4244: 'argument': conversion from 'double' to 'GLfloat', possible loss of data
C:\Users\Alden\Desktop\CPS511\Assignment 3\CPS511A3\Robot3D.cpp(769,16): warning C4244: 'argument': conversion from 'double' to 'GLfloat', possible loss of data
C:\Users\Alden\Desktop\CPS511\Assignment 3\CPS511A3\Robot3D.cpp(786,25): warning C4244: 'argument': conversion from 'double' to 'GLfloat', possible loss of data
C:\Users\Alden\Desktop\CPS511\Assignment 3\CPS511A3\Robot3D.cpp(787,60): warning C4244: 'argument': conversion from 'double' to 'GLfloat', possible loss of data
C:\Users\Alden\Desktop\CPS511\Assignment 3\CPS511A3\Robot3D.cpp(787,49): warning C4244: 'argument': conversion from 'double' to 'GLfloat', possible loss of data
C:\Users\Alden\Desktop\CPS511\Assignment 3\CPS511A3\Robot3D.cpp(787,15): warning C4244: 'argument': conversion from 'double' to 'GLfloat', possible loss of data
C:\Users\Alden\Desktop\CPS511\Assignment 3\CPS511A3\Robot3D.cpp(794,42): warning C4244: 'argument': conversion from 'double' to 'GLfloat', possible loss of data
C:\Users\Alden\Desktop\CPS511\Assignment 3\CPS511A3\Robot3D.cpp(794,19): warning C4244: 'argument': conversion from 'double' to 'GLfloat', possible loss of data
C:\Users\Alden\Desktop\CPS511\Assignment 3\CPS511A3\Robot3D.cpp(808,60): warning C4244: 'argument': conversion from 'double' to 'GLfloat', possible loss of data
C:\Users\Alden\Desktop\CPS511\Assignment 3\CPS511A3\Robot3D.cpp(808,37): warning C4244: 'argument': conversion from 'double' to 'GLfloat', possible loss of data
C:\Users\Alden\Desktop\CPS511\Assignment 3\CPS511A3\Robot3D.cpp(808,15): warning C4244: 'argument': conversion from 'double' to 'GLfloat', possible loss of data
C:\Users\Alden\Desktop\CPS511\Assignment 3\CPS511A3\Robot3D.cpp(820,50): warning C4244: 'argument': conversion from 'double' to 'GLfloat', possible loss of data
C:\Users\Alden\Desktop\CPS511\Assignment 3\CPS511A3\Robot3D.cpp(820,26): warning C4244: 'argument': conversion from 'double' to 'GLfloat', possible loss of data
C:\Users\Alden\Desktop\CPS511\Assignment 3\CPS511A3\Robot3D.cpp(821,62): warning C4244: 'argument': conversion from 'double' to 'GLfloat', possible loss of data
C:\Users\Alden\Desktop\CPS511\Assignment 3\CPS511A3\Robot3D.cpp(821,38): warning C4244: 'argument': conversion from 'double' to 'GLfloat', possible loss of data
C:\Users\Alden\Desktop\CPS511\Assignment 3\CPS511A3\Robot3D.cpp(821,16): warning C4244: 'argument': conversion from 'double' to 'GLfloat', possible loss of data
C:\Users\Alden\Desktop\CPS511\Assignment 3\CPS511A3\Robot3D.cpp(826,25): warning C4244: 'argument': conversion from 'double' to 'GLfloat', possible loss of data
C:\Users\Alden\Desktop\CPS511\Assignment 3\CPS511A3\Robot3D.cpp(838,60): warning C4244: 'argument': conversion from 'double' to 'GLfloat', possible loss of data
C:\Users\Alden\Desktop\CPS511\Assignment 3\CPS511A3\Robot3D.cpp(838,37): warning C4244: 'argument': conversion from 'double' to 'GLfloat', possible loss of data
C:\Users\Alden\Desktop\CPS511\Assignment 3\CPS511A3\Robot3D.cpp(838,15): warning C4244: 'argument': conversion from 'double' to 'GLfloat', possible loss of data
C:\Users\Alden\Desktop\CPS511\Assignment 3\CPS511A3\Robot3D.cpp(850,26): warning C4244: 'argument': conversion from 'double' to 'GLfloat', possible loss of data
C:\Users\Alden\Desktop\CPS511\Assignment 3\CPS511A3\Robot3D.cpp(851,62): warning C4244: 'argument': conversion from 'double' to 'GLfloat', possible loss of data
C:\Users\Alden\Desktop\CPS511\Assignment 3\CPS511A3\Robot3D.cpp(851,38): warning C4244: 'argument': conversion from 'double' to 'GLfloat', possible loss of data
C:\Users\Alden\Desktop\CPS511\Assignment 3\CPS511A3\Robot3D.cpp(851,16): warning C4244: 'argument': conversion from 'double' to 'GLfloat', possible loss of data
C:\Users\Alden\Desktop\CPS511\Assignment 3\CPS511A3\Robot3D.cpp(856,25): warning C4244: 'argument': conversion from 'double' to 'GLfloat', possible loss of data
C:\Users\Alden\Desktop\CPS511\Assignment 3\CPS511A3\Robot3D.cpp(868,60): warning C4244: 'argument': conversion from 'double' to 'GLfloat', possible loss of data
C:\Users\Alden\Desktop\CPS511\Assignment 3\CPS511A3\Robot3D.cpp(868,37): warning C4244: 'argument': conversion from 'double' to 'GLfloat', possible loss of data
C:\Users\Alden\Desktop\CPS511\Assignment 3\CPS511A3\Robot3D.cpp(868,15): warning C4244: 'argument': conversion from 'double' to 'GLfloat', possible loss of data
C:\Users\Alden\Desktop\CPS511\Assignment 3\CPS511A3\Robot3D.cpp(873,25): warning C4244: 'argument': conversion from 'double' to 'GLfloat', possible loss of data
C:\Users\Alden\Desktop\CPS511\Assignment 3\CPS511A3\Robot3D.cpp(887,60): warning C4244: 'argument': conversion from 'double' to 'GLfloat', possible loss of data
C:\Users\Alden\Desktop\CPS511\Assignment 3\CPS511A3\Robot3D.cpp(887,37): warning C4244: 'argument': conversion from 'double' to 'GLfloat', possible loss of data
C:\Users\Alden\Desktop\CPS511\Assignment 3\CPS511A3\Robot3D.cpp(887,15): warning C4244: 'argument': conversion from 'double' to 'GLfloat', possible loss of data
C:\Users\Alden\Desktop\CPS511\Assignment 3\CPS511A3\Robot3D.cpp(894,48): warning C4244: 'argument': conversion from 'double' to 'GLfloat', possible loss of data
C:\Users\Alden\Desktop\CPS511\Assignment 3\CPS511A3\Robot3D.cpp(894,21): warning C4244: 'argument': conversion from 'double' to 'GLfloat', possible loss of data
C:\Users\Alden\Desktop\CPS511\Assignment 3\CPS511A3\Robot3D.cpp(895,60): warning C4244: 'argument': conversion from 'double' to 'GLfloat', possible loss of data
C:\Users\Alden\Desktop\CPS511\Assignment 3\CPS511A3\Robot3D.cpp(895,37): warning C4244: 'argument': conversion from 'double' to 'GLfloat', possible loss of data
C:\Users\Alden\Desktop\CPS511\Assignment 3\CPS511A3\Robot3D.cpp(895,15): warning C4244: 'argument': conversion from 'double' to 'GLfloat', possible loss of data
C:\Users\Alden\Desktop\CPS511\Assignment 3\CPS511A3\Robot3D.cpp(901,47): warning C4244: 'argument': conversion from 'double' to 'GLfloat', possible loss of data
C:\Users\Alden\Desktop\CPS511\Assignment 3\CPS511A3\Robot3D.cpp(901,20): warning C4244: 'argument': conversion from 'double' to 'GLfloat', possible loss of data
C:\Users\Alden\Desktop\CPS511\Assignment 3\CPS511A3\Robot3D.cpp(902,60): warning C4244: 'argument': conversion from 'double' to 'GLfloat', possible loss of data
C:\Users\Alden\Desktop\CPS511\Assignment 3\CPS511A3\Robot3D.cpp(902,37): warning C4244: 'argument': conversion from 'double' to 'GLfloat', possible loss of data
C:\Users\Alden\Desktop\CPS511\Assignment 3\CPS511A3\Robot3D.cpp(902,15): warning C4244: 'argument': conversion from 'double' to 'GLfloat', possible loss of data
C:\Users\Alden\Desktop\CPS511\Assignment 3\CPS511A3\Robot3D.cpp(909,49): warning C4244: 'argument': conversion from 'double' to 'GLfloat', possible loss of data
C:\Users\Alden\Desktop\CPS511\Assignment 3\CPS511A3\Robot3D.cpp(909,21): warning C4244: 'argument': conversion from 'double' to 'GLfloat', possible loss of data
C:\Users\Alden\Desktop\CPS511\Assignment 3\CPS511A3\Robot3D.cpp(910,60): warning C4244: 'argument': conversion from 'double' to 'GLfloat', possible loss of data
C:\Users\Alden\Desktop\CPS511\Assignment 3\CPS511A3\Robot3D.cpp(910,37): warning C4244: 'argument': conversion from 'double' to 'GLfloat', possible loss of data
C:\Users\Alden\Desktop\CPS511\Assignment 3\CPS511A3\Robot3D.cpp(910,15): warning C4244: 'argument': conversion from 'double' to 'GLfloat', possible loss of data
C:\Users\Alden\Desktop\CPS511\Assignment 3\CPS511A3\Robot3D.cpp(916,48): warning C4244: 'argument': conversion from 'double' to 'GLfloat', possible loss of data
C:\Users\Alden\Desktop\CPS511\Assignment 3\CPS511A3\Robot3D.cpp(916,20): warning C4244: 'argument': conversion from 'double' to 'GLfloat', possible loss of data
C:\Users\Alden\Desktop\CPS511\Assignment 3\CPS511A3\Robot3D.cpp(917,60): warning C4244: 'argument': conversion from 'double' to 'GLfloat', possible loss of data
C:\Users\Alden\Desktop\CPS511\Assignment 3\CPS511A3\Robot3D.cpp(917,37): warning C4244: 'argument': conversion from 'double' to 'GLfloat', possible loss of data
C:\Users\Alden\Desktop\CPS511\Assignment 3\CPS511A3\Robot3D.cpp(917,15): warning C4244: 'argument': conversion from 'double' to 'GLfloat', possible loss of data
C:\Users\Alden\Desktop\CPS511\Assignment 3\CPS511A3\Robot3D.cpp(928,43): warning C4244: 'argument': conversion from 'double' to 'GLfloat', possible loss of data
C:\Users\Alden\Desktop\CPS511\Assignment 3\CPS511A3\Robot3D.cpp(928,20): warning C4244: 'argument': conversion from 'double' to 'GLfloat', possible loss of data
C:\Users\Alden\Desktop\CPS511\Assignment 3\CPS511A3\Robot3D.cpp(941,60): warning C4244: 'argument': conversion from 'double' to 'GLfloat', possible loss of data
C:\Users\Alden\Desktop\CPS511\Assignment 3\CPS511A3\Robot3D.cpp(941,37): warning C4244: 'argument': conversion from 'double' to 'GLfloat', possible loss of data
C:\Users\Alden\Desktop\CPS511\Assignment 3\CPS511A3\Robot3D.cpp(941,15): warning C4244: 'argument': conversion from 'double' to 'GLfloat', possible loss of data
C:\Users\Alden\Desktop\CPS511\Assignment 3\CPS511A3\Robot3D.cpp(953,50): warning C4244: 'argument': conversion from 'double' to 'GLfloat', possible loss of data
C:\Users\Alden\Desktop\CPS511\Assignment 3\CPS511A3\Robot3D.cpp(953,26): warning C4244: 'argument': conversion from 'double' to 'GLfloat', possible loss of data
C:\Users\Alden\Desktop\CPS511\Assignment 3\CPS511A3\Robot3D.cpp(954,62): warning C4244: 'argument': conversion from 'double' to 'GLfloat', possible loss of data
C:\Users\Alden\Desktop\CPS511\Assignment 3\CPS511A3\Robot3D.cpp(954,38): warning C4244: 'argument': conversion from 'double' to 'GLfloat', possible loss of data
C:\Users\Alden\Desktop\CPS511\Assignment 3\CPS511A3\Robot3D.cpp(954,16): warning C4244: 'argument': conversion from 'double' to 'GLfloat', possible loss of data
C:\Users\Alden\Desktop\CPS511\Assignment 3\CPS511A3\Robot3D.cpp(959,25): warning C4244: 'argument': conversion from 'double' to 'GLfloat', possible loss of data
C:\Users\Alden\Desktop\CPS511\Assignment 3\CPS511A3\Robot3D.cpp(971,60): warning C4244: 'argument': conversion from 'double' to 'GLfloat', possible loss of data
C:\Users\Alden\Desktop\CPS511\Assignment 3\CPS511A3\Robot3D.cpp(971,37): warning C4244: 'argument': conversion from 'double' to 'GLfloat', possible loss of data
C:\Users\Alden\Desktop\CPS511\Assignment 3\CPS511A3\Robot3D.cpp(971,15): warning C4244: 'argument': conversion from 'double' to 'GLfloat', possible loss of data
C:\Users\Alden\Desktop\CPS511\Assignment 3\CPS511A3\Robot3D.cpp(982,26): warning C4244: 'argument': conversion from 'double' to 'GLfloat', possible loss of data
C:\Users\Alden\Desktop\CPS511\Assignment 3\CPS511A3\Robot3D.cpp(983,62): warning C4244: 'argument': conversion from 'double' to 'GLfloat', possible loss of data
C:\Users\Alden\Desktop\CPS511\Assignment 3\CPS511A3\Robot3D.cpp(983,38): warning C4244: 'argument': conversion from 'double' to 'GLfloat', possible loss of data
C:\Users\Alden\Desktop\CPS511\Assignment 3\CPS511A3\Robot3D.cpp(983,16): warning C4244: 'argument': conversion from 'double' to 'GLfloat', possible loss of data
C:\Users\Alden\Desktop\CPS511\Assignment 3\CPS511A3\Robot3D.cpp(988,25): warning C4244: 'argument': conversion from 'double' to 'GLfloat', possible loss of data
C:\Users\Alden\Desktop\CPS511\Assignment 3\CPS511A3\Robot3D.cpp(1000,60): warning C4244: 'argument': conversion from 'double' to 'GLfloat', possible loss of data
C:\Users\Alden\Desktop\CPS511\Assignment 3\CPS511A3\Robot3D.cpp(1000,37): warning C4244: 'argument': conversion from 'double' to 'GLfloat', possible loss of data
C:\Users\Alden\Desktop\CPS511\Assignment 3\CPS511A3\Robot3D.cpp(1000,15): warning C4244: 'argument': conversion from 'double' to 'GLfloat', possible loss of data
C:\Users\Alden\Desktop\CPS511\Assignment 3\CPS511A3\Robot3D.cpp(1005,25): warning C4244: 'argument': conversion from 'double' to 'GLfloat', possible loss of data
C:\Users\Alden\Desktop\CPS511\Assignment 3\CPS511A3\Robot3D.cpp(1019,60): warning C4244: 'argument': conversion from 'double' to 'GLfloat', possible loss of data
C:\Users\Alden\Desktop\CPS511\Assignment 3\CPS511A3\Robot3D.cpp(1019,37): warning C4244: 'argument': conversion from 'double' to 'GLfloat', possible loss of data
C:\Users\Alden\Desktop\CPS511\Assignment 3\CPS511A3\Robot3D.cpp(1019,15): warning C4244: 'argument': conversion from 'double' to 'GLfloat', possible loss of data
C:\Users\Alden\Desktop\CPS511\Assignment 3\CPS511A3\Robot3D.cpp(1026,48): warning C4244: 'argument': conversion from 'double' to 'GLfloat', possible loss of data
C:\Users\Alden\Desktop\CPS511\Assignment 3\CPS511A3\Robot3D.cpp(1026,21): warning C4244: 'argument': conversion from 'double' to 'GLfloat', possible loss of data
C:\Users\Alden\Desktop\CPS511\Assignment 3\CPS511A3\Robot3D.cpp(1027,60): warning C4244: 'argument': conversion from 'double' to 'GLfloat', possible loss of data
C:\Users\Alden\Desktop\CPS511\Assignment 3\CPS511A3\Robot3D.cpp(1027,37): warning C4244: 'argument': conversion from 'double' to 'GLfloat', possible loss of data
C:\Users\Alden\Desktop\CPS511\Assignment 3\CPS511A3\Robot3D.cpp(1027,15): warning C4244: 'argument': conversion from 'double' to 'GLfloat', possible loss of data
C:\Users\Alden\Desktop\CPS511\Assignment 3\CPS511A3\Robot3D.cpp(1033,47): warning C4244: 'argument': conversion from 'double' to 'GLfloat', possible loss of data
C:\Users\Alden\Desktop\CPS511\Assignment 3\CPS511A3\Robot3D.cpp(1033,20): warning C4244: 'argument': conversion from 'double' to 'GLfloat', possible loss of data
C:\Users\Alden\Desktop\CPS511\Assignment 3\CPS511A3\Robot3D.cpp(1034,60): warning C4244: 'argument': conversion from 'double' to 'GLfloat', possible loss of data
C:\Users\Alden\Desktop\CPS511\Assignment 3\CPS511A3\Robot3D.cpp(1034,37): warning C4244: 'argument': conversion from 'double' to 'GLfloat', possible loss of data
C:\Users\Alden\Desktop\CPS511\Assignment 3\CPS511A3\Robot3D.cpp(1034,15): warning C4244: 'argument': conversion from 'double' to 'GLfloat', possible loss of data
C:\Users\Alden\Desktop\CPS511\Assignment 3\CPS511A3\Robot3D.cpp(1041,49): warning C4244: 'argument': conversion from 'double' to 'GLfloat', possible loss of data
C:\Users\Alden\Desktop\CPS511\Assignment 3\CPS511A3\Robot3D.cpp(1041,21): warning C4244: 'argument': conversion from 'double' to 'GLfloat', possible loss of data
C:\Users\Alden\Desktop\CPS511\Assignment 3\CPS511A3\Robot3D.cpp(1042,60): warning C4244: 'argument': conversion from 'double' to 'GLfloat', possible loss of data
C:\Users\Alden\Desktop\CPS511\Assignment 3\CPS511A3\Robot3D.cpp(1042,37): warning C4244: 'argument': conversion from 'double' to 'GLfloat', possible loss of data
C:\Users\Alden\Desktop\CPS511\Assignment 3\CPS511A3\Robot3D.cpp(1042,15): warning C4244: 'argument': conversion from 'double' to 'GLfloat', possible loss of data
C:\Users\Alden\Desktop\CPS511\Assignment 3\CPS511A3\Robot3D.cpp(1048,48): warning C4244: 'argument': conversion from 'double' to 'GLfloat', possible loss of data
C:\Users\Alden\Desktop\CPS511\Assignment 3\CPS511A3\Robot3D.cpp(1048,20): warning C4244: 'argument': conversion from 'double' to 'GLfloat', possible loss of data
C:\Users\Alden\Desktop\CPS511\Assignment 3\CPS511A3\Robot3D.cpp(1049,60): warning C4244: 'argument': conversion from 'double' to 'GLfloat', possible loss of data
C:\Users\Alden\Desktop\CPS511\Assignment 3\CPS511A3\Robot3D.cpp(1049,37): warning C4244: 'argument': conversion from 'double' to 'GLfloat', possible loss of data
C:\Users\Alden\Desktop\CPS511\Assignment 3\CPS511A3\Robot3D.cpp(1049,15): warning C4244: 'argument': conversion from 'double' to 'GLfloat', possible loss of data
C:\Users\Alden\Desktop\CPS511\Assignment 3\CPS511A3\Robot3D.cpp(1068,63): warning C4244: 'argument': conversion from 'double' to 'GLfloat', possible loss of data
C:\Users\Alden\Desktop\CPS511\Assignment 3\CPS511A3\Robot3D.cpp(1068,36): warning C4244: 'argument': conversion from 'double' to 'GLfloat', possible loss of data
C:\Users\Alden\Desktop\CPS511\Assignment 3\CPS511A3\Robot3D.cpp(1072,30): warning C4244: 'argument': conversion from 'double' to 'GLfloat', possible loss of data
C:\Users\Alden\Desktop\CPS511\Assignment 3\CPS511A3\Robot3D.cpp(1084,31): warning C4244: 'argument': conversion from 'double' to 'GLfloat', possible loss of data
C:\Users\Alden\Desktop\CPS511\Assignment 3\CPS511A3\Robot3D.cpp(1085,58): warning C4244: 'argument': conversion from 'double' to 'GLfloat', possible loss of data
C:\Users\Alden\Desktop\CPS511\Assignment 3\CPS511A3\Robot3D.cpp(1085,36): warning C4244: 'argument': conversion from 'double' to 'GLfloat', possible loss of data
C:\Users\Alden\Desktop\CPS511\Assignment 3\CPS511A3\Robot3D.cpp(1085,15): warning C4244: 'argument': conversion from 'double' to 'GLfloat', possible loss of data
C:\Users\Alden\Desktop\CPS511\Assignment 3\CPS511A3\Robot3D.cpp(1090,49): warning C4305: 'argument': truncation from 'double' to 'GLfloat'
C:\Users\Alden\Desktop\CPS511\Assignment 3\CPS511A3\Robot3D.cpp(1090,31): warning C4244: 'argument': conversion from 'double' to 'GLfloat', possible loss of data
C:\Users\Alden\Desktop\CPS511\Assignment 3\CPS511A3\Robot3D.cpp(1102,30): warning C4244: 'argument': conversion from 'double' to 'GLfloat', possible loss of data
C:\Users\Alden\Desktop\CPS511\Assignment 3\CPS511A3\Robot3D.cpp(1114,49): warning C4244: 'argument': conversion from 'double' to 'GLfloat', possible loss of data
C:\Users\Alden\Desktop\CPS511\Assignment 3\CPS511A3\Robot3D.cpp(1115,58): warning C4244: 'argument': conversion from 'double' to 'GLfloat', possible loss of data
C:\Users\Alden\Desktop\CPS511\Assignment 3\CPS511A3\Robot3D.cpp(1115,36): warning C4244: 'argument': conversion from 'double' to 'GLfloat', possible loss of data
C:\Users\Alden\Desktop\CPS511\Assignment 3\CPS511A3\Robot3D.cpp(1115,15): warning C4244: 'argument': conversion from 'double' to 'GLfloat', possible loss of data
C:\Users\Alden\Desktop\CPS511\Assignment 3\CPS511A3\Robot3D.cpp(1119,20): warning C4244: 'initializing': conversion from 'double' to 'float', possible loss of data
C:\Users\Alden\Desktop\CPS511\Assignment 3\CPS511A3\Robot3D.cpp(1120,21): warning C4244: 'initializing': conversion from 'double' to 'float', possible loss of data
C:\Users\Alden\Desktop\CPS511\Assignment 3\CPS511A3\Robot3D.cpp(1125,49): warning C4244: 'argument': conversion from 'double' to 'GLfloat', possible loss of data
C:\Users\Alden\Desktop\CPS511\Assignment 3\CPS511A3\Robot3D.cpp(1125,18): warning C4244: 'argument': conversion from 'double' to 'GLfloat', possible loss of data
C:\Users\Alden\Desktop\CPS511\Assignment 3\CPS511A3\Robot3D.cpp(1147,89): warning C4244: 'argument': conversion from 'double' to 'GLfloat', possible loss of data
C:\Users\Alden\Desktop\CPS511\Assignment 3\CPS511A3\Robot3D.cpp(1147,66): warning C4244: 'argument': conversion from 'double' to 'GLfloat', possible loss of data
C:\Users\Alden\Desktop\CPS511\Assignment 3\CPS511A3\Robot3D.cpp(1147,15): warning C4244: 'argument': conversion from 'double' to 'GLfloat', possible loss of data
C:\Users\Alden\Desktop\CPS511\Assignment 3\CPS511A3\Robot3D.cpp(1153,30): warning C4244: 'argument': conversion from 'double' to 'GLfloat', possible loss of data
C:\Users\Alden\Desktop\CPS511\Assignment 3\CPS511A3\Robot3D.cpp(1165,31): warning C4244: 'argument': conversion from 'double' to 'GLfloat', possible loss of data
C:\Users\Alden\Desktop\CPS511\Assignment 3\CPS511A3\Robot3D.cpp(1166,58): warning C4244: 'argument': conversion from 'double' to 'GLfloat', possible loss of data
C:\Users\Alden\Desktop\CPS511\Assignment 3\CPS511A3\Robot3D.cpp(1166,36): warning C4244: 'argument': conversion from 'double' to 'GLfloat', possible loss of data
C:\Users\Alden\Desktop\CPS511\Assignment 3\CPS511A3\Robot3D.cpp(1166,15): warning C4244: 'argument': conversion from 'double' to 'GLfloat', possible loss of data
C:\Users\Alden\Desktop\CPS511\Assignment 3\CPS511A3\Robot3D.cpp(1171,50): warning C4305: 'argument': truncation from 'double' to 'GLfloat'
C:\Users\Alden\Desktop\CPS511\Assignment 3\CPS511A3\Robot3D.cpp(1171,32): warning C4244: 'argument': conversion from 'double' to 'GLfloat', possible loss of data
C:\Users\Alden\Desktop\CPS511\Assignment 3\CPS511A3\Robot3D.cpp(1183,30): warning C4244: 'argument': conversion from 'double' to 'GLfloat', possible loss of data
C:\Users\Alden\Desktop\CPS511\Assignment 3\CPS511A3\Robot3D.cpp(1195,42): warning C4244: 'argument': conversion from 'double' to 'GLfloat', possible loss of data
C:\Users\Alden\Desktop\CPS511\Assignment 3\CPS511A3\Robot3D.cpp(1210,25): warning C4244: 'argument': conversion from 'double' to 'GLfloat', possible loss of data
C:\Users\Alden\Desktop\CPS511\Assignment 3\CPS511A3\Robot3D.cpp(1222,25): warning C4244: 'argument': conversion from 'double' to 'GLfloat', possible loss of data
C:\Users\Alden\Desktop\CPS511\Assignment 3\CPS511A3\Robot3D.cpp(1223,53): warning C4244: 'argument': conversion from 'double' to 'GLfloat', possible loss of data
C:\Users\Alden\Desktop\CPS511\Assignment 3\CPS511A3\Robot3D.cpp(1223,37): warning C4244: 'argument': conversion from 'double' to 'GLfloat', possible loss of data
C:\Users\Alden\Desktop\CPS511\Assignment 3\CPS511A3\Robot3D.cpp(1223,20): warning C4244: 'argument': conversion from 'double' to 'GLfloat', possible loss of data
C:\Users\Alden\Desktop\CPS511\Assignment 3\CPS511A3\Robot3D.cpp(1229,31): warning C4244: 'argument': conversion from 'double' to 'GLfloat', possible loss of data
C:\Users\Alden\Desktop\CPS511\Assignment 3\CPS511A3\Robot3D.cpp(1230,53): warning C4244: 'argument': conversion from 'double' to 'GLfloat', possible loss of data
C:\Users\Alden\Desktop\CPS511\Assignment 3\CPS511A3\Robot3D.cpp(1230,37): warning C4244: 'argument': conversion from 'double' to 'GLfloat', possible loss of data
C:\Users\Alden\Desktop\CPS511\Assignment 3\CPS511A3\Robot3D.cpp(1230,20): warning C4244: 'argument': conversion from 'double' to 'GLfloat', possible loss of data
C:\Users\Alden\Desktop\CPS511\Assignment 3\CPS511A3\Robot3D.cpp(1255,13): warning C4244: 'initializing': conversion from 'double' to 'float', possible loss of data
  Generating Code...
  CPS511_Assignment3.vcxproj -> C:\Users\Alden\Desktop\CPS511\Assignment 3\CPS511A3\x64\Debug\CPS511_Assignment3.exe
          1 file(s) copied.
